<?xml version="1.0" encoding="UTF-8"?>
<!-- Generated by org.testng.reporters.JUnitReportReporter -->
<testsuite hostname="JohnSun" failures="0" tests="1" name="TestRunner.RunnerTest" time="14.501" errors="0" timestamp="2023-11-21T12:58:56 IST" skipped="0">
  <testcase classname="TestRunner.RunnerTest" name="runScenario" time="14.501"/>
  <system-out/>
</testsuite> <!-- TestRunner.RunnerTest -->
