<?xml version="1.0" encoding="UTF-8"?>
<!-- Generated by org.testng.reporters.JUnitReportReporter -->
<testsuite hostname="JohnSun" failures="0" tests="1" name="TestRunner.RunnerTest" time="7.774" errors="0" timestamp="2023-11-21T10:38:41 IST" skipped="0">
  <testcase classname="TestRunner.RunnerTest" name="runScenario" time="7.774"/>
  <system-out/>
</testsuite> <!-- TestRunner.RunnerTest -->
